<?xml version="1.0" encoding="UTF-8"?>
<!-- Generated by org.testng.reporters.JUnitXMLReporter -->
<testsuite hostname="THORPC" name="Regression1" tests="2" failures="1" timestamp="23 Dec 2013 01:11:36 GMT" time="0.074" errors="0">
  <testcase name="testJson" time="0.017" classname="test.sample.TestJson"/>
  <testcase name="testXml" time="0.039" classname="test.sample.TestJson">
    <failure type="java.lang.IllegalStateException" message="No element/attribute name specified when trying to output element">
      <![CDATA[java.lang.IllegalStateException: No element/attribute name specified when trying to output element
	at com.fasterxml.jackson.dataformat.xml.ser.ToXmlGenerator.handleMissingName(ToXmlGenerator.java:1042)
	at com.fasterxml.jackson.dataformat.xml.ser.ToXmlGenerator._handleStartObject(ToXmlGenerator.java:432)
	at com.fasterxml.jackson.dataformat.xml.util.DefaultXmlPrettyPrinter.writeStartObject(DefaultXmlPrettyPrinter.java:198)
	at com.fasterxml.jackson.dataformat.xml.ser.ToXmlGenerator.writeStartObject(ToXmlGenerator.java:406)
	at test.sample.TestJson.testXml(TestJson.java:69)
... Removed 27 stack frames]]>
    </failure>
  </testcase> <!-- testXml -->
</testsuite> <!-- Regression1 -->
