<?xml version="1.0" encoding="UTF-8"?>
<testng-results skipped="0" failed="1" total="2" passed="1">
  <reporter-output>
  </reporter-output>
  <suite name="Suite1" duration-ms="74" started-at="2013-12-23T01:11:36Z" finished-at="2013-12-23T01:11:36Z">
    <groups>
    </groups>
    <test name="Regression1" duration-ms="74" started-at="2013-12-23T01:11:36Z" finished-at="2013-12-23T01:11:36Z">
      <class name="test.sample.TestJson">
        <test-method status="PASS" signature="verifyDir()[pri:0, instance:test.sample.TestJson@6647dc79]" name="verifyDir" is-config="true" duration-ms="5" started-at="2013-12-22T17:11:36Z" finished-at="2013-12-22T17:11:36Z">
          <reporter-output>
          </reporter-output>
        </test-method> <!-- verifyDir -->
        <test-method status="PASS" signature="testJson()[pri:0, instance:test.sample.TestJson@6647dc79]" name="testJson" duration-ms="17" started-at="2013-12-22T17:11:36Z" finished-at="2013-12-22T17:11:36Z">
          <reporter-output>
          </reporter-output>
        </test-method> <!-- testJson -->
        <test-method status="FAIL" signature="testXml()[pri:0, instance:test.sample.TestJson@6647dc79]" name="testXml" duration-ms="39" started-at="2013-12-22T17:11:36Z" finished-at="2013-12-22T17:11:36Z">
          <exception class="java.lang.IllegalStateException">
            <message>
              <![CDATA[No element/attribute name specified when trying to output element]]>
            </message>
            <full-stacktrace>
              <![CDATA[java.lang.IllegalStateException: No element/attribute name specified when trying to output element
	at com.fasterxml.jackson.dataformat.xml.ser.ToXmlGenerator.handleMissingName(ToXmlGenerator.java:1042)
	at com.fasterxml.jackson.dataformat.xml.ser.ToXmlGenerator._handleStartObject(ToXmlGenerator.java:432)
	at com.fasterxml.jackson.dataformat.xml.util.DefaultXmlPrettyPrinter.writeStartObject(DefaultXmlPrettyPrinter.java:198)
	at com.fasterxml.jackson.dataformat.xml.ser.ToXmlGenerator.writeStartObject(ToXmlGenerator.java:406)
	at test.sample.TestJson.testXml(TestJson.java:69)
	at sun.reflect.NativeMethodAccessorImpl.invoke0(Native Method)
	at sun.reflect.NativeMethodAccessorImpl.invoke(NativeMethodAccessorImpl.java:57)
	at sun.reflect.DelegatingMethodAccessorImpl.invoke(DelegatingMethodAccessorImpl.java:43)
	at java.lang.reflect.Method.invoke(Method.java:606)
	at org.testng.internal.MethodInvocationHelper.invokeMethod(MethodInvocationHelper.java:84)
	at org.testng.internal.Invoker.invokeMethod(Invoker.java:714)
	at org.testng.internal.Invoker.invokeTestMethod(Invoker.java:901)
	at org.testng.internal.Invoker.invokeTestMethods(Invoker.java:1231)
	at org.testng.internal.TestMethodWorker.invokeTestMethods(TestMethodWorker.java:127)
	at org.testng.internal.TestMethodWorker.run(TestMethodWorker.java:111)
	at org.testng.TestRunner.privateRun(TestRunner.java:767)
	at org.testng.TestRunner.run(TestRunner.java:617)
	at org.testng.SuiteRunner.runTest(SuiteRunner.java:334)
	at org.testng.SuiteRunner.runSequentially(SuiteRunner.java:329)
	at org.testng.SuiteRunner.privateRun(SuiteRunner.java:291)
	at org.testng.SuiteRunner.run(SuiteRunner.java:240)
	at org.testng.SuiteRunnerWorker.runSuite(SuiteRunnerWorker.java:52)
	at org.testng.SuiteRunnerWorker.run(SuiteRunnerWorker.java:86)
	at org.testng.TestNG.runSuitesSequentially(TestNG.java:1224)
	at org.testng.TestNG.runSuitesLocally(TestNG.java:1149)
	at org.testng.TestNG.run(TestNG.java:1057)
	at org.apache.maven.surefire.testng.TestNGExecutor.run(TestNGExecutor.java:217)
	at org.apache.maven.surefire.testng.TestNGXmlTestSuite.execute(TestNGXmlTestSuite.java:84)
	at org.apache.maven.surefire.testng.TestNGProvider.invoke(TestNGProvider.java:92)
	at org.apache.maven.surefire.booter.ForkedBooter.invokeProviderInSameClassLoader(ForkedBooter.java:200)
	at org.apache.maven.surefire.booter.ForkedBooter.runSuitesInProcess(ForkedBooter.java:153)
	at org.apache.maven.surefire.booter.ForkedBooter.main(ForkedBooter.java:103)
]]>
            </full-stacktrace>
          </exception> <!-- java.lang.IllegalStateException -->
          <reporter-output>
          </reporter-output>
        </test-method> <!-- testXml -->
      </class> <!-- test.sample.TestJson -->
    </test> <!-- Regression1 -->
  </suite> <!-- Suite1 -->
</testng-results>
