<?xml version="1.0" encoding="UTF-8"?>
<testsuite name="TestSuite" time="0.061" tests="2" errors="0" skipped="0" failures="1">
  <properties>
[...]
</properties>
  <testcase name="testJson" classname="test.sample.TestJson" time="0.017"/>
  <testcase name="testXml" classname="test.sample.TestJson" time="0.044">
    <failure message="No element/attribute name specified when trying to output element" type="java.lang.IllegalStateException">java.lang.IllegalStateException: No element/attribute name specified when trying to output element
	at com.fasterxml.jackson.dataformat.xml.ser.ToXmlGenerator.handleMissingName(ToXmlGenerator.java:1042)
	at com.fasterxml.jackson.dataformat.xml.ser.ToXmlGenerator._handleStartObject(ToXmlGenerator.java:432)
	at com.fasterxml.jackson.dataformat.xml.util.DefaultXmlPrettyPrinter.writeStartObject(DefaultXmlPrettyPrinter.java:198)
	at com.fasterxml.jackson.dataformat.xml.ser.ToXmlGenerator.writeStartObject(ToXmlGenerator.java:406)
	at test.sample.TestJson.testXml(TestJson.java:69)
</failure>
  </testcase>
</testsuite>